<?xml version="1.0" encoding="UTF-8"?>
<!-- Generated by org.testng.reporters.JUnitReportReporter -->
<testsuite hostname="DESKTOP-RG3Q5CD" failures="0" tests="2" name="com.bjs.testngdemo.Xml_groups" time="0.020" errors="0" timestamp="14 Jun 2023 11:45:16 GMT" skipped="0">
  <testcase classname="com.bjs.testngdemo.Xml_groups" name="postivecredential4" time="0.018"/>
  <testcase classname="com.bjs.testngdemo.Xml_groups" name="postivecredential1" time="0.002"/>
</testsuite> <!-- com.bjs.testngdemo.Xml_groups -->
