<?xml version="1.0" encoding="UTF-8"?>
<!-- Generated by org.testng.reporters.JUnitReportReporter -->
<testsuite hostname="DESKTOP-RG3Q5CD" failures="0" tests="2" name="com.bjs.testngdemo.BeforeAfterMethod" time="0.025" errors="0" timestamp="25 Jun 2021 17:43:01 GMT" skipped="0">
  <testcase classname="com.bjs.testngdemo.BeforeAfterMethod" name="test1" time="0.010"/>
  <testcase classname="com.bjs.testngdemo.BeforeAfterMethod" name="test2" time="0.015"/>
</testsuite> <!-- com.bjs.testngdemo.BeforeAfterMethod -->
