<?xml version="1.0" encoding="UTF-8"?>
<!-- Generated by org.testng.reporters.JUnitReportReporter -->
<testsuite hostname="DESKTOP-RG3Q5CD" failures="0" tests="2" name="com.bjs.testngdemo.BeforeAfterClass" time="0.027" errors="0" timestamp="25 Oct 2022 08:12:59 GMT" skipped="0">
  <testcase classname="com.bjs.testngdemo.BeforeAfterClass" name="test1" time="0.022"/>
  <testcase classname="com.bjs.testngdemo.BeforeAfterClass" name="test2" time="0.005"/>
</testsuite> <!-- com.bjs.testngdemo.BeforeAfterClass -->
