<?xml version="1.0" encoding="UTF-8"?>
<!-- Generated by org.testng.reporters.JUnitReportReporter -->
<testsuite hostname="DESKTOP-RG3Q5CD" failures="0" tests="4" name="com.bjs.testngdemo.MethodsTestingDemo" time="0.022" errors="0" timestamp="08 Jun 2021 09:37:18 GMT" skipped="0">
  <testcase classname="com.bjs.testngdemo.MethodsTestingDemo" name="a" time="0.017"/>
  <testcase classname="com.bjs.testngdemo.MethodsTestingDemo" name="b" time="0.001"/>
  <testcase classname="com.bjs.testngdemo.MethodsTestingDemo" name="d" time="0.002"/>
  <testcase classname="com.bjs.testngdemo.MethodsTestingDemo" name="c" time="0.002"/>
</testsuite> <!-- com.bjs.testngdemo.MethodsTestingDemo -->
