<?xml version="1.0" encoding="UTF-8"?>
<!-- Generated by org.testng.reporters.JUnitReportReporter -->
<testsuite hostname="DESKTOP-RG3Q5CD" failures="0" tests="2" name="com.bjs.testngdemo.TestNGDemo" time="0.026" errors="0" timestamp="26 Oct 2022 05:39:15 GMT" skipped="0">
  <testcase classname="com.bjs.testngdemo.TestNGDemo" name="positiveCredential" time="0.025"/>
  <testcase classname="com.bjs.testngdemo.TestNGDemo" name="positiveCredential2" time="0.001"/>
</testsuite> <!-- com.bjs.testngdemo.TestNGDemo -->
