<?xml version="1.0" encoding="UTF-8"?>
<!-- Generated by org.testng.reporters.JUnitReportReporter -->
<testsuite hostname="DESKTOP-RG3Q5CD" failures="0" tests="2" name="com.bjs.testngdemo.Testngxmldemo" time="0.017" errors="0" timestamp="20 Jun 2021 03:51:23 GMT" skipped="0">
  <testcase classname="com.bjs.testngdemo.Testngxmldemo" name="postivecredential1" time="0.015"/>
  <testcase classname="com.bjs.testngdemo.Testngxmldemo" name="postivecredential2" time="0.002"/>
</testsuite> <!-- com.bjs.testngdemo.Testngxmldemo -->
