<?xml version="1.0" encoding="UTF-8"?>
<!-- Generated by org.testng.reporters.JUnitReportReporter -->
<testsuite hostname="DESKTOP-RG3Q5CD" failures="0" tests="4" name="com.bjs.testngdemo.Xml_include_exclude" time="0.017" errors="0" timestamp="26 Oct 2022 05:47:28 GMT" skipped="0">
  <testcase classname="com.bjs.testngdemo.Xml_include_exclude" name="postivecredential6" time="0.002"/>
  <testcase classname="com.bjs.testngdemo.Xml_include_exclude" name="postivecredential2" time="0.012"/>
  <testcase classname="com.bjs.testngdemo.Xml_include_exclude" name="postivecredential5" time="0.001"/>
  <testcase classname="com.bjs.testngdemo.Xml_include_exclude" name="postivecredential4" time="0.002"/>
</testsuite> <!-- com.bjs.testngdemo.Xml_include_exclude -->
