<?xml version="1.0" encoding="UTF-8"?>
<!-- Generated by org.testng.reporters.JUnitReportReporter -->
<testsuite hostname="DESKTOP-RG3Q5CD" failures="0" tests="2" name="com.bjs.testngdemo.BeforeAfterHirarchy" time="0.014" errors="0" timestamp="17 Jun 2021 17:21:08 GMT" skipped="0">
  <testcase classname="com.bjs.testngdemo.BeforeAfterHirarchy" name="test1" time="0.012"/>
  <testcase classname="com.bjs.testngdemo.BeforeAfterHirarchy" name="test2" time="0.002"/>
</testsuite> <!-- com.bjs.testngdemo.BeforeAfterHirarchy -->
