<?xml version="1.0" encoding="UTF-8"?>
<!-- Generated by org.testng.reporters.JUnitReportReporter -->
<testsuite hostname="DESKTOP-RG3Q5CD" failures="0" tests="4" name="com.bjs.testngdemo.PriorityDemo" time="0.019" errors="0" timestamp="25 Jun 2021 17:38:08 GMT" skipped="0">
  <testcase classname="com.bjs.testngdemo.PriorityDemo" name="c" time="0.012"/>
  <testcase classname="com.bjs.testngdemo.PriorityDemo" name="d" time="0.001"/>
  <testcase classname="com.bjs.testngdemo.PriorityDemo" name="b" time="0.004"/>
  <testcase classname="com.bjs.testngdemo.PriorityDemo" name="a" time="0.002"/>
</testsuite> <!-- com.bjs.testngdemo.PriorityDemo -->
