<?xml version="1.0" encoding="UTF-8"?>
<!-- Generated by org.testng.reporters.JUnitReportReporter -->
<testsuite hostname="DESKTOP-RG3Q5CD" failures="0" tests="2" name="com.bjs.testngdemo.DataProviderDemo" time="25.863" errors="0" timestamp="25 Jun 2021 18:16:59 GMT" skipped="0">
  <testcase classname="com.bjs.testngdemo.DataProviderDemo" name="positivecredential" time="13.313"/>
  <testcase classname="com.bjs.testngdemo.DataProviderDemo" name="positivecredential" time="12.550"/>
</testsuite> <!-- com.bjs.testngdemo.DataProviderDemo -->
