<?xml version="1.0" encoding="UTF-8"?>
<!-- Generated by org.testng.reporters.JUnitReportReporter -->
<testsuite hostname="DESKTOP-RG3Q5CD" failures="0" tests="1" name="OrangeHRM" time="23.655" errors="0" timestamp="2021-07-02T23:54:33 IST" skipped="0">
  <testcase classname="OrangeHRM" name="postivcredentials" time="23.655"/>
  <system-out/>
</testsuite> <!-- OrangeHRM -->
